2022-09-07 09:17:33,177 DEBUG : Evaluating path: $['name']
2022-09-07 09:17:33,188 DEBUG : Set path $['name'] new value 武烨伟13415919582
2022-09-07 09:17:33,188 DEBUG : Evaluating path: $['userid']
2022-09-07 09:17:33,188 DEBUG : Set path $['userid'] new value 13971406899
2022-09-07 09:17:33,188 DEBUG : Evaluating path: $['alias']
2022-09-07 09:17:33,188 DEBUG : Set path $['alias'] new value 13631064525
2022-09-07 09:17:33,188 DEBUG : Evaluating path: $['mobile']
2022-09-07 09:17:33,189 DEBUG : Set path $['mobile'] new value 13537179755
2022-09-07 09:20:09,429 DEBUG : Evaluating path: $['name']
2022-09-07 09:20:09,448 DEBUG : Set path $['name'] new value 崔鹏涛13494094272
2022-09-07 09:20:09,448 DEBUG : Evaluating path: $['order']
2022-09-07 09:20:09,448 DEBUG : Set path $['order'] new value 28
2022-09-07 09:41:12,917 DEBUG : Evaluating path: $['name']
2022-09-07 09:41:12,928 DEBUG : Set path $['name'] new value 韦钰轩13674944875
2022-09-07 09:41:12,928 DEBUG : Evaluating path: $['order']
2022-09-07 09:41:12,928 DEBUG : Set path $['order'] new value 21
2022-09-07 09:41:54,893 DEBUG : Evaluating path: $['name']
2022-09-07 09:41:54,907 DEBUG : Set path $['name'] new value 覃鸿涛13910502294
2022-09-07 09:41:54,907 DEBUG : Evaluating path: $['order']
2022-09-07 09:41:54,907 DEBUG : Set path $['order'] new value 12
2022-09-07 09:54:22,312 INFO  : 添加部门的测试用例
2022-09-07 09:54:22,527 DEBUG : Evaluating path: $['name']
2022-09-07 09:54:22,539 DEBUG : Set path $['name'] new value 潘峻熙13488472325
2022-09-07 09:54:22,539 DEBUG : Evaluating path: $['order']
2022-09-07 09:54:22,539 DEBUG : Set path $['order'] new value 6
2022-09-07 09:54:26,397 INFO  : 接口请求日志
2022-09-07 09:54:44,454 INFO  : 添加部门的测试用例
2022-09-07 09:54:44,702 DEBUG : Evaluating path: $['name']
2022-09-07 09:54:44,711 DEBUG : Set path $['name'] new value 史明辉13947898933
2022-09-07 09:54:44,711 DEBUG : Evaluating path: $['order']
2022-09-07 09:54:44,712 DEBUG : Set path $['order'] new value 10
2022-09-07 09:54:47,967 INFO  : 接口请求日志Request method:	POST
Request URI:	https://qyapi.weixin.qq.com/cgi-bin/department/create?access_token=dyyT4_HC22EX1tCib819X72cA6IyO6KtFuQga24UmSOs9xf2jkx2DLQjoEu1CaSU-SoKO5Dd6sftPmyiLOirdrJT3xVR57ESBFm9E6rfCoubm7hFX_5dw_LTXEKWe84RDcxSsNYGf9Omdj3CqIN1UAKjiu6g_q9LKZIEsXe4uP9c5XN8TQm7oi1tXVeZQGROXflxUtLjRO_kMInNoL7Qdw
Proxy:			<none>
Request params:	<none>
Query params:	access_token=dyyT4_HC22EX1tCib819X72cA6IyO6KtFuQga24UmSOs9xf2jkx2DLQjoEu1CaSU-SoKO5Dd6sftPmyiLOirdrJT3xVR57ESBFm9E6rfCoubm7hFX_5dw_LTXEKWe84RDcxSsNYGf9Omdj3CqIN1UAKjiu6g_q9LKZIEsXe4uP9c5XN8TQm7oi1tXVeZQGROXflxUtLjRO_kMInNoL7Qdw
Form params:	<none>
Path params:	<none>
Headers:		Accept=*/*
				Content-Type=application/json
Cookies:		<none>
Multiparts:		<none>
Body:
{
    "name": "史明辉13947898933",
    "parentid": 1,
    "order": 10
}
2022-09-07 10:05:05,815 INFO  : 添加部门的测试用例
2022-09-07 10:05:05,997 DEBUG : Evaluating path: $['name']
2022-09-07 10:05:06,000 DEBUG : Set path $['name'] new value 钱志泽15093312115
2022-09-07 10:05:06,000 DEBUG : Evaluating path: $['order']
2022-09-07 10:05:06,001 DEBUG : Set path $['order'] new value 20
2022-09-07 10:05:09,013 INFO  : 接口请求日志Request method:	POST
Request URI:	https://qyapi.weixin.qq.com/cgi-bin/department/create?access_token=dyyT4_HC22EX1tCib819X72cA6IyO6KtFuQga24UmSOs9xf2jkx2DLQjoEu1CaSU-SoKO5Dd6sftPmyiLOirdrJT3xVR57ESBFm9E6rfCoubm7hFX_5dw_LTXEKWe84RDcxSsNYGf9Omdj3CqIN1UAKjiu6g_q9LKZIEsXe4uP9c5XN8TQm7oi1tXVeZQGROXflxUtLjRO_kMInNoL7Qdw
Proxy:			<none>
Request params:	<none>
Query params:	access_token=dyyT4_HC22EX1tCib819X72cA6IyO6KtFuQga24UmSOs9xf2jkx2DLQjoEu1CaSU-SoKO5Dd6sftPmyiLOirdrJT3xVR57ESBFm9E6rfCoubm7hFX_5dw_LTXEKWe84RDcxSsNYGf9Omdj3CqIN1UAKjiu6g_q9LKZIEsXe4uP9c5XN8TQm7oi1tXVeZQGROXflxUtLjRO_kMInNoL7Qdw
Form params:	<none>
Path params:	<none>
Headers:		Accept=*/*
				Content-Type=application/json
Cookies:		<none>
Multiparts:		<none>
Body:
{
    "name": "钱志泽15093312115",
    "parentid": 1,
    "order": 20
}
2022-09-07 10:05:09,015 INFO  : 接口响应日志HTTP/1.1 200 OK
Date: Wed, 07 Sep 2022 02:05:09 GMT
Content-Type: application/json; charset=UTF-8
Content-Length: 40
Connection: keep-alive
Server: nginx
Error-Code: 0
Error-Msg: created

{
    "errcode": 0,
    "errmsg": "created",
    "id": 11
}
2022-09-07 21:54:11,411 INFO  : 添加部门的测试用例
2022-09-07 21:54:11,683 DEBUG : Evaluating path: $['name']
2022-09-07 21:54:11,689 DEBUG : Set path $['name'] new value 傅子骞13416512195
2022-09-07 21:54:11,690 DEBUG : Evaluating path: $['order']
2022-09-07 21:54:11,690 DEBUG : Set path $['order'] new value 26
2022-09-07 21:54:16,326 INFO  : 接口请求日志Request method:	POST
Request URI:	https://qyapi.weixin.qq.com/cgi-bin/department/create?access_token=2vXDd-6WjBz3aOkdNGiB_wpeI-djxZQuOtjqyWweLrdR66ClVQ0JEUL21umWgtmwzOzWol5fRyKaUfyePjDBfuKI5nSzjEbUUhjbR7PcgU4qalOcBROQj6SJjuYQrOsJJ1sw9D-bpiifDD6Ugq7OuukhI_pyz6dRdGaR9EMuC1akHUGpiSN8nYqZIeEk8dCHErHjXi0E_BuVhwufsAxCZw
Proxy:			<none>
Request params:	<none>
Query params:	access_token=2vXDd-6WjBz3aOkdNGiB_wpeI-djxZQuOtjqyWweLrdR66ClVQ0JEUL21umWgtmwzOzWol5fRyKaUfyePjDBfuKI5nSzjEbUUhjbR7PcgU4qalOcBROQj6SJjuYQrOsJJ1sw9D-bpiifDD6Ugq7OuukhI_pyz6dRdGaR9EMuC1akHUGpiSN8nYqZIeEk8dCHErHjXi0E_BuVhwufsAxCZw
Form params:	<none>
Path params:	<none>
Headers:		Accept=*/*
				Content-Type=application/json
Cookies:		<none>
Multiparts:		<none>
Body:
{
    "name": "傅子骞13416512195",
    "parentid": 1,
    "order": 26
}
2022-09-07 21:54:16,329 INFO  : 接口响应日志HTTP/1.1 200 OK
Date: Wed, 07 Sep 2022 13:54:16 GMT
Content-Type: application/json; charset=UTF-8
Content-Length: 40
Connection: keep-alive
Server: nginx
Error-Code: 0
Error-Msg: created

{
    "errcode": 0,
    "errmsg": "created",
    "id": 12
}
2022-09-07 22:31:46,830 INFO  : 添加部门的测试用例
2022-09-07 22:31:47,059 DEBUG : Evaluating path: $['name']
2022-09-07 22:31:47,074 DEBUG : Set path $['name'] new value 宋晓博13572770050
2022-09-07 22:31:47,074 DEBUG : Evaluating path: $['order']
2022-09-07 22:31:47,074 DEBUG : Set path $['order'] new value 6
2022-09-07 22:31:51,206 INFO  : 接口请求日志Request method:	POST
Request URI:	https://qyapi.weixin.qq.com/cgi-bin/department/create?access_token=2vXDd-6WjBz3aOkdNGiB_wpeI-djxZQuOtjqyWweLrdR66ClVQ0JEUL21umWgtmwzOzWol5fRyKaUfyePjDBfuKI5nSzjEbUUhjbR7PcgU4qalOcBROQj6SJjuYQrOsJJ1sw9D-bpiifDD6Ugq7OuukhI_pyz6dRdGaR9EMuC1akHUGpiSN8nYqZIeEk8dCHErHjXi0E_BuVhwufsAxCZw
Proxy:			<none>
Request params:	<none>
Query params:	access_token=2vXDd-6WjBz3aOkdNGiB_wpeI-djxZQuOtjqyWweLrdR66ClVQ0JEUL21umWgtmwzOzWol5fRyKaUfyePjDBfuKI5nSzjEbUUhjbR7PcgU4qalOcBROQj6SJjuYQrOsJJ1sw9D-bpiifDD6Ugq7OuukhI_pyz6dRdGaR9EMuC1akHUGpiSN8nYqZIeEk8dCHErHjXi0E_BuVhwufsAxCZw
Form params:	<none>
Path params:	<none>
Headers:		Accept=*/*
				Content-Type=application/json
Cookies:		<none>
Multiparts:		<none>
Body:
{
    "name": "宋晓博13572770050",
    "parentid": 1,
    "order": 6
}
2022-09-07 22:31:51,208 INFO  : 接口响应日志HTTP/1.1 200 OK
Date: Wed, 07 Sep 2022 14:31:51 GMT
Content-Type: application/json; charset=UTF-8
Content-Length: 40
Connection: keep-alive
Server: nginx
Error-Code: 0
Error-Msg: created

{
    "errcode": 0,
    "errmsg": "created",
    "id": 13
}
2022-09-07 22:37:56,756 INFO  : 添加部门的测试用例
2022-09-07 22:37:56,979 DEBUG : Evaluating path: $['name']
2022-09-07 22:37:56,990 DEBUG : Set path $['name'] new value 田烨霖13892863911
2022-09-07 22:37:56,990 DEBUG : Evaluating path: $['order']
2022-09-07 22:37:56,991 DEBUG : Set path $['order'] new value 3
2022-09-07 22:38:00,946 INFO  : 接口请求日志Request method:	POST
Request URI:	https://qyapi.weixin.qq.com/cgi-bin/department/create?access_token=2vXDd-6WjBz3aOkdNGiB_wpeI-djxZQuOtjqyWweLrdR66ClVQ0JEUL21umWgtmwzOzWol5fRyKaUfyePjDBfuKI5nSzjEbUUhjbR7PcgU4qalOcBROQj6SJjuYQrOsJJ1sw9D-bpiifDD6Ugq7OuukhI_pyz6dRdGaR9EMuC1akHUGpiSN8nYqZIeEk8dCHErHjXi0E_BuVhwufsAxCZw
Proxy:			<none>
Request params:	<none>
Query params:	access_token=2vXDd-6WjBz3aOkdNGiB_wpeI-djxZQuOtjqyWweLrdR66ClVQ0JEUL21umWgtmwzOzWol5fRyKaUfyePjDBfuKI5nSzjEbUUhjbR7PcgU4qalOcBROQj6SJjuYQrOsJJ1sw9D-bpiifDD6Ugq7OuukhI_pyz6dRdGaR9EMuC1akHUGpiSN8nYqZIeEk8dCHErHjXi0E_BuVhwufsAxCZw
Form params:	<none>
Path params:	<none>
Headers:		Accept=*/*
				Content-Type=application/json
Cookies:		<none>
Multiparts:		<none>
Body:
{
    "name": "田烨霖13892863911",
    "parentid": 1,
    "order": 3
}
2022-09-07 22:38:00,948 INFO  : 接口响应日志HTTP/1.1 200 OK
Date: Wed, 07 Sep 2022 14:38:00 GMT
Content-Type: application/json; charset=UTF-8
Content-Length: 40
Connection: keep-alive
Server: nginx
Error-Code: 0
Error-Msg: created

{
    "errcode": 0,
    "errmsg": "created",
    "id": 14
}
2022-09-07 22:38:01,724 INFO  : 接口请求日志Request method:	GET
Request URI:	https://qyapi.weixin.qq.com/cgi-bin/department/simplelist?access_token=2vXDd-6WjBz3aOkdNGiB_wpeI-djxZQuOtjqyWweLrdR66ClVQ0JEUL21umWgtmwzOzWol5fRyKaUfyePjDBfuKI5nSzjEbUUhjbR7PcgU4qalOcBROQj6SJjuYQrOsJJ1sw9D-bpiifDD6Ugq7OuukhI_pyz6dRdGaR9EMuC1akHUGpiSN8nYqZIeEk8dCHErHjXi0E_BuVhwufsAxCZw
Proxy:			<none>
Request params:	<none>
Query params:	access_token=2vXDd-6WjBz3aOkdNGiB_wpeI-djxZQuOtjqyWweLrdR66ClVQ0JEUL21umWgtmwzOzWol5fRyKaUfyePjDBfuKI5nSzjEbUUhjbR7PcgU4qalOcBROQj6SJjuYQrOsJJ1sw9D-bpiifDD6Ugq7OuukhI_pyz6dRdGaR9EMuC1akHUGpiSN8nYqZIeEk8dCHErHjXi0E_BuVhwufsAxCZw
Form params:	<none>
Path params:	<none>
Headers:		Accept=*/*
				Content-Type=application/json
Cookies:		<none>
Multiparts:		<none>
Body:			<none>
2022-09-07 22:38:01,726 INFO  : 接口响应日志HTTP/1.1 200 OK
Date: Wed, 07 Sep 2022 14:38:01 GMT
Content-Type: application/json; charset=UTF-8
Content-Length: 486
Connection: keep-alive
Server: nginx
Error-Code: 0
Error-Msg: ok

{
    "errcode": 0,
    "errmsg": "ok",
    "department_id": [
        {
            "id": 1,
            "parentid": 0,
            "order": 100000000
        },
        {
            "id": 3,
            "parentid": 1,
            "order": 99999000
        },
        {
            "id": 4,
            "parentid": 1,
            "order": 6
        },
        {
            "id": 5,
            "parentid": 1,
            "order": 3
        },
        {
            "id": 6,
            "parentid": 1,
            "order": 7
        },
        {
            "id": 7,
            "parentid": 1,
            "order": 21
        },
        {
            "id": 8,
            "parentid": 1,
            "order": 12
        },
        {
            "id": 9,
            "parentid": 1,
            "order": 6
        },
        {
            "id": 10,
            "parentid": 1,
            "order": 10
        },
        {
            "id": 11,
            "parentid": 1,
            "order": 20
        },
        {
            "id": 12,
            "parentid": 1,
            "order": 26
        },
        {
            "id": 13,
            "parentid": 1,
            "order": 6
        },
        {
            "id": 14,
            "parentid": 1,
            "order": 3
        }
    ]
}
2022-09-07 22:39:10,733 INFO  : 添加部门的测试用例
2022-09-07 22:39:10,996 DEBUG : Evaluating path: $['name']
2022-09-07 22:39:11,005 DEBUG : Set path $['name'] new value 钟昊天13524758410
2022-09-07 22:39:11,006 DEBUG : Evaluating path: $['order']
2022-09-07 22:39:11,006 DEBUG : Set path $['order'] new value 3
2022-09-07 22:39:14,681 INFO  : 接口请求日志Request method:	POST
Request URI:	https://qyapi.weixin.qq.com/cgi-bin/department/create?access_token=2vXDd-6WjBz3aOkdNGiB_wpeI-djxZQuOtjqyWweLrdR66ClVQ0JEUL21umWgtmwzOzWol5fRyKaUfyePjDBfuKI5nSzjEbUUhjbR7PcgU4qalOcBROQj6SJjuYQrOsJJ1sw9D-bpiifDD6Ugq7OuukhI_pyz6dRdGaR9EMuC1akHUGpiSN8nYqZIeEk8dCHErHjXi0E_BuVhwufsAxCZw
Proxy:			<none>
Request params:	<none>
Query params:	access_token=2vXDd-6WjBz3aOkdNGiB_wpeI-djxZQuOtjqyWweLrdR66ClVQ0JEUL21umWgtmwzOzWol5fRyKaUfyePjDBfuKI5nSzjEbUUhjbR7PcgU4qalOcBROQj6SJjuYQrOsJJ1sw9D-bpiifDD6Ugq7OuukhI_pyz6dRdGaR9EMuC1akHUGpiSN8nYqZIeEk8dCHErHjXi0E_BuVhwufsAxCZw
Form params:	<none>
Path params:	<none>
Headers:		Accept=*/*
				Content-Type=application/json
Cookies:		<none>
Multiparts:		<none>
Body:
{
    "name": "钟昊天13524758410",
    "parentid": 1,
    "order": 3
}
2022-09-07 22:39:14,682 INFO  : 接口响应日志HTTP/1.1 200 OK
Date: Wed, 07 Sep 2022 14:39:14 GMT
Content-Type: application/json; charset=UTF-8
Content-Length: 40
Connection: keep-alive
Server: nginx
Error-Code: 0
Error-Msg: created

{
    "errcode": 0,
    "errmsg": "created",
    "id": 15
}
2022-09-07 22:39:15,502 INFO  : 接口请求日志Request method:	GET
Request URI:	https://qyapi.weixin.qq.com/cgi-bin/department/simplelist?access_token=2vXDd-6WjBz3aOkdNGiB_wpeI-djxZQuOtjqyWweLrdR66ClVQ0JEUL21umWgtmwzOzWol5fRyKaUfyePjDBfuKI5nSzjEbUUhjbR7PcgU4qalOcBROQj6SJjuYQrOsJJ1sw9D-bpiifDD6Ugq7OuukhI_pyz6dRdGaR9EMuC1akHUGpiSN8nYqZIeEk8dCHErHjXi0E_BuVhwufsAxCZw
Proxy:			<none>
Request params:	<none>
Query params:	access_token=2vXDd-6WjBz3aOkdNGiB_wpeI-djxZQuOtjqyWweLrdR66ClVQ0JEUL21umWgtmwzOzWol5fRyKaUfyePjDBfuKI5nSzjEbUUhjbR7PcgU4qalOcBROQj6SJjuYQrOsJJ1sw9D-bpiifDD6Ugq7OuukhI_pyz6dRdGaR9EMuC1akHUGpiSN8nYqZIeEk8dCHErHjXi0E_BuVhwufsAxCZw
Form params:	<none>
Path params:	<none>
Headers:		Accept=*/*
				Content-Type=application/json
Cookies:		<none>
Multiparts:		<none>
Body:			<none>
2022-09-07 22:39:15,505 INFO  : 接口响应日志HTTP/1.1 200 OK
Date: Wed, 07 Sep 2022 14:39:15 GMT
Content-Type: application/json; charset=UTF-8
Content-Length: 519
Connection: keep-alive
Server: nginx
Error-Code: 0
Error-Msg: ok

{
    "errcode": 0,
    "errmsg": "ok",
    "department_id": [
        {
            "id": 1,
            "parentid": 0,
            "order": 100000000
        },
        {
            "id": 3,
            "parentid": 1,
            "order": 99999000
        },
        {
            "id": 4,
            "parentid": 1,
            "order": 6
        },
        {
            "id": 5,
            "parentid": 1,
            "order": 3
        },
        {
            "id": 6,
            "parentid": 1,
            "order": 7
        },
        {
            "id": 7,
            "parentid": 1,
            "order": 21
        },
        {
            "id": 8,
            "parentid": 1,
            "order": 12
        },
        {
            "id": 9,
            "parentid": 1,
            "order": 6
        },
        {
            "id": 10,
            "parentid": 1,
            "order": 10
        },
        {
            "id": 11,
            "parentid": 1,
            "order": 20
        },
        {
            "id": 12,
            "parentid": 1,
            "order": 26
        },
        {
            "id": 13,
            "parentid": 1,
            "order": 6
        },
        {
            "id": 14,
            "parentid": 1,
            "order": 3
        },
        {
            "id": 15,
            "parentid": 1,
            "order": 3
        }
    ]
}
2022-09-07 22:49:27,787 INFO  : 接口请求日志Request method:	GET
Request URI:	https://qyapi.weixin.qq.com/cgi-bin/department/simplelist?access_token=2vXDd-6WjBz3aOkdNGiB_wpeI-djxZQuOtjqyWweLrdR66ClVQ0JEUL21umWgtmwzOzWol5fRyKaUfyePjDBfuKI5nSzjEbUUhjbR7PcgU4qalOcBROQj6SJjuYQrOsJJ1sw9D-bpiifDD6Ugq7OuukhI_pyz6dRdGaR9EMuC1akHUGpiSN8nYqZIeEk8dCHErHjXi0E_BuVhwufsAxCZw
Proxy:			<none>
Request params:	<none>
Query params:	access_token=2vXDd-6WjBz3aOkdNGiB_wpeI-djxZQuOtjqyWweLrdR66ClVQ0JEUL21umWgtmwzOzWol5fRyKaUfyePjDBfuKI5nSzjEbUUhjbR7PcgU4qalOcBROQj6SJjuYQrOsJJ1sw9D-bpiifDD6Ugq7OuukhI_pyz6dRdGaR9EMuC1akHUGpiSN8nYqZIeEk8dCHErHjXi0E_BuVhwufsAxCZw
Form params:	<none>
Path params:	<none>
Headers:		Accept=*/*
				Content-Type=application/json
Cookies:		<none>
Multiparts:		<none>
Body:			<none>
2022-09-07 22:49:27,798 INFO  : 接口响应日志HTTP/1.1 200 OK
Date: Wed, 07 Sep 2022 14:49:27 GMT
Content-Type: application/json; charset=UTF-8
Content-Length: 519
Connection: keep-alive
Server: nginx
Error-Code: 0
Error-Msg: ok

{
    "errcode": 0,
    "errmsg": "ok",
    "department_id": [
        {
            "id": 1,
            "parentid": 0,
            "order": 100000000
        },
        {
            "id": 3,
            "parentid": 1,
            "order": 99999000
        },
        {
            "id": 4,
            "parentid": 1,
            "order": 6
        },
        {
            "id": 5,
            "parentid": 1,
            "order": 3
        },
        {
            "id": 6,
            "parentid": 1,
            "order": 7
        },
        {
            "id": 7,
            "parentid": 1,
            "order": 21
        },
        {
            "id": 8,
            "parentid": 1,
            "order": 12
        },
        {
            "id": 9,
            "parentid": 1,
            "order": 6
        },
        {
            "id": 10,
            "parentid": 1,
            "order": 10
        },
        {
            "id": 11,
            "parentid": 1,
            "order": 20
        },
        {
            "id": 12,
            "parentid": 1,
            "order": 26
        },
        {
            "id": 13,
            "parentid": 1,
            "order": 6
        },
        {
            "id": 14,
            "parentid": 1,
            "order": 3
        },
        {
            "id": 15,
            "parentid": 1,
            "order": 3
        }
    ]
}
2022-09-07 22:49:27,891 INFO  : 添加部门的测试用例
2022-09-07 22:49:28,196 DEBUG : Evaluating path: $['name']
2022-09-07 22:49:28,207 DEBUG : Set path $['name'] new value 白旭尧13453548644
2022-09-07 22:49:28,208 DEBUG : Evaluating path: $['order']
2022-09-07 22:49:28,208 DEBUG : Set path $['order'] new value 26
2022-09-07 22:49:29,241 INFO  : 接口请求日志Request method:	POST
Request URI:	https://qyapi.weixin.qq.com/cgi-bin/department/create?access_token=2vXDd-6WjBz3aOkdNGiB_wpeI-djxZQuOtjqyWweLrdR66ClVQ0JEUL21umWgtmwzOzWol5fRyKaUfyePjDBfuKI5nSzjEbUUhjbR7PcgU4qalOcBROQj6SJjuYQrOsJJ1sw9D-bpiifDD6Ugq7OuukhI_pyz6dRdGaR9EMuC1akHUGpiSN8nYqZIeEk8dCHErHjXi0E_BuVhwufsAxCZw
Proxy:			<none>
Request params:	<none>
Query params:	access_token=2vXDd-6WjBz3aOkdNGiB_wpeI-djxZQuOtjqyWweLrdR66ClVQ0JEUL21umWgtmwzOzWol5fRyKaUfyePjDBfuKI5nSzjEbUUhjbR7PcgU4qalOcBROQj6SJjuYQrOsJJ1sw9D-bpiifDD6Ugq7OuukhI_pyz6dRdGaR9EMuC1akHUGpiSN8nYqZIeEk8dCHErHjXi0E_BuVhwufsAxCZw
Form params:	<none>
Path params:	<none>
Headers:		Accept=*/*
				Content-Type=application/json
Cookies:		<none>
Multiparts:		<none>
Body:
{
    "name": "白旭尧13453548644",
    "parentid": 1,
    "order": 26
}
2022-09-07 22:49:29,242 INFO  : 接口响应日志HTTP/1.1 200 OK
Date: Wed, 07 Sep 2022 14:49:29 GMT
Content-Type: application/json; charset=UTF-8
Content-Length: 40
Connection: keep-alive
Server: nginx
Error-Code: 0
Error-Msg: created

{
    "errcode": 0,
    "errmsg": "created",
    "id": 16
}
2022-09-07 22:50:06,590 INFO  : 接口请求日志Request method:	GET
Request URI:	https://qyapi.weixin.qq.com/cgi-bin/department/simplelist?access_token=2vXDd-6WjBz3aOkdNGiB_wpeI-djxZQuOtjqyWweLrdR66ClVQ0JEUL21umWgtmwzOzWol5fRyKaUfyePjDBfuKI5nSzjEbUUhjbR7PcgU4qalOcBROQj6SJjuYQrOsJJ1sw9D-bpiifDD6Ugq7OuukhI_pyz6dRdGaR9EMuC1akHUGpiSN8nYqZIeEk8dCHErHjXi0E_BuVhwufsAxCZw
Proxy:			<none>
Request params:	<none>
Query params:	access_token=2vXDd-6WjBz3aOkdNGiB_wpeI-djxZQuOtjqyWweLrdR66ClVQ0JEUL21umWgtmwzOzWol5fRyKaUfyePjDBfuKI5nSzjEbUUhjbR7PcgU4qalOcBROQj6SJjuYQrOsJJ1sw9D-bpiifDD6Ugq7OuukhI_pyz6dRdGaR9EMuC1akHUGpiSN8nYqZIeEk8dCHErHjXi0E_BuVhwufsAxCZw
Form params:	<none>
Path params:	<none>
Headers:		Accept=*/*
				Content-Type=application/json
Cookies:		<none>
Multiparts:		<none>
Body:			<none>
2022-09-07 22:50:06,596 INFO  : 接口响应日志HTTP/1.1 200 OK
Date: Wed, 07 Sep 2022 14:50:06 GMT
Content-Type: application/json; charset=UTF-8
Content-Length: 553
Connection: keep-alive
Server: nginx
Error-Code: 0
Error-Msg: ok

{
    "errcode": 0,
    "errmsg": "ok",
    "department_id": [
        {
            "id": 1,
            "parentid": 0,
            "order": 100000000
        },
        {
            "id": 3,
            "parentid": 1,
            "order": 99999000
        },
        {
            "id": 4,
            "parentid": 1,
            "order": 6
        },
        {
            "id": 5,
            "parentid": 1,
            "order": 3
        },
        {
            "id": 6,
            "parentid": 1,
            "order": 7
        },
        {
            "id": 7,
            "parentid": 1,
            "order": 21
        },
        {
            "id": 8,
            "parentid": 1,
            "order": 12
        },
        {
            "id": 9,
            "parentid": 1,
            "order": 6
        },
        {
            "id": 10,
            "parentid": 1,
            "order": 10
        },
        {
            "id": 11,
            "parentid": 1,
            "order": 20
        },
        {
            "id": 12,
            "parentid": 1,
            "order": 26
        },
        {
            "id": 13,
            "parentid": 1,
            "order": 6
        },
        {
            "id": 14,
            "parentid": 1,
            "order": 3
        },
        {
            "id": 15,
            "parentid": 1,
            "order": 3
        },
        {
            "id": 16,
            "parentid": 1,
            "order": 26
        }
    ]
}
2022-09-07 22:50:06,639 INFO  : 添加部门的测试用例
2022-09-07 22:50:06,780 DEBUG : Evaluating path: $['name']
2022-09-07 22:50:06,785 DEBUG : Set path $['name'] new value 谭俊驰15052751167
2022-09-07 22:50:06,785 DEBUG : Evaluating path: $['order']
2022-09-07 22:50:06,785 DEBUG : Set path $['order'] new value 17
2022-09-07 22:50:07,660 INFO  : 接口请求日志Request method:	POST
Request URI:	https://qyapi.weixin.qq.com/cgi-bin/department/create?access_token=2vXDd-6WjBz3aOkdNGiB_wpeI-djxZQuOtjqyWweLrdR66ClVQ0JEUL21umWgtmwzOzWol5fRyKaUfyePjDBfuKI5nSzjEbUUhjbR7PcgU4qalOcBROQj6SJjuYQrOsJJ1sw9D-bpiifDD6Ugq7OuukhI_pyz6dRdGaR9EMuC1akHUGpiSN8nYqZIeEk8dCHErHjXi0E_BuVhwufsAxCZw
Proxy:			<none>
Request params:	<none>
Query params:	access_token=2vXDd-6WjBz3aOkdNGiB_wpeI-djxZQuOtjqyWweLrdR66ClVQ0JEUL21umWgtmwzOzWol5fRyKaUfyePjDBfuKI5nSzjEbUUhjbR7PcgU4qalOcBROQj6SJjuYQrOsJJ1sw9D-bpiifDD6Ugq7OuukhI_pyz6dRdGaR9EMuC1akHUGpiSN8nYqZIeEk8dCHErHjXi0E_BuVhwufsAxCZw
Form params:	<none>
Path params:	<none>
Headers:		Accept=*/*
				Content-Type=application/json
Cookies:		<none>
Multiparts:		<none>
Body:
{
    "name": "谭俊驰15052751167",
    "parentid": 1,
    "order": 17
}
2022-09-07 22:50:07,661 INFO  : 接口响应日志HTTP/1.1 200 OK
Date: Wed, 07 Sep 2022 14:50:07 GMT
Content-Type: application/json; charset=UTF-8
Content-Length: 40
Connection: keep-alive
Server: nginx
Error-Code: 0
Error-Msg: created

{
    "errcode": 0,
    "errmsg": "created",
    "id": 17
}
2022-09-07 22:51:07,665 INFO  : 接口请求日志Request method:	GET
Request URI:	https://qyapi.weixin.qq.com/cgi-bin/department/simplelist?access_token=2vXDd-6WjBz3aOkdNGiB_wpeI-djxZQuOtjqyWweLrdR66ClVQ0JEUL21umWgtmwzOzWol5fRyKaUfyePjDBfuKI5nSzjEbUUhjbR7PcgU4qalOcBROQj6SJjuYQrOsJJ1sw9D-bpiifDD6Ugq7OuukhI_pyz6dRdGaR9EMuC1akHUGpiSN8nYqZIeEk8dCHErHjXi0E_BuVhwufsAxCZw
Proxy:			<none>
Request params:	<none>
Query params:	access_token=2vXDd-6WjBz3aOkdNGiB_wpeI-djxZQuOtjqyWweLrdR66ClVQ0JEUL21umWgtmwzOzWol5fRyKaUfyePjDBfuKI5nSzjEbUUhjbR7PcgU4qalOcBROQj6SJjuYQrOsJJ1sw9D-bpiifDD6Ugq7OuukhI_pyz6dRdGaR9EMuC1akHUGpiSN8nYqZIeEk8dCHErHjXi0E_BuVhwufsAxCZw
Form params:	<none>
Path params:	<none>
Headers:		Accept=*/*
				Content-Type=application/json
Cookies:		<none>
Multiparts:		<none>
Body:			<none>
2022-09-07 22:51:07,677 INFO  : 接口响应日志HTTP/1.1 200 OK
Date: Wed, 07 Sep 2022 14:51:07 GMT
Content-Type: application/json; charset=UTF-8
Content-Length: 587
Connection: keep-alive
Server: nginx
Error-Code: 0
Error-Msg: ok

{
    "errcode": 0,
    "errmsg": "ok",
    "department_id": [
        {
            "id": 1,
            "parentid": 0,
            "order": 100000000
        },
        {
            "id": 3,
            "parentid": 1,
            "order": 99999000
        },
        {
            "id": 4,
            "parentid": 1,
            "order": 6
        },
        {
            "id": 5,
            "parentid": 1,
            "order": 3
        },
        {
            "id": 6,
            "parentid": 1,
            "order": 7
        },
        {
            "id": 7,
            "parentid": 1,
            "order": 21
        },
        {
            "id": 8,
            "parentid": 1,
            "order": 12
        },
        {
            "id": 9,
            "parentid": 1,
            "order": 6
        },
        {
            "id": 10,
            "parentid": 1,
            "order": 10
        },
        {
            "id": 11,
            "parentid": 1,
            "order": 20
        },
        {
            "id": 12,
            "parentid": 1,
            "order": 26
        },
        {
            "id": 13,
            "parentid": 1,
            "order": 6
        },
        {
            "id": 14,
            "parentid": 1,
            "order": 3
        },
        {
            "id": 15,
            "parentid": 1,
            "order": 3
        },
        {
            "id": 16,
            "parentid": 1,
            "order": 26
        },
        {
            "id": 17,
            "parentid": 1,
            "order": 17
        }
    ]
}
2022-09-07 22:51:08,822 INFO  : 接口请求日志Request method:	GET
Request URI:	https://qyapi.weixin.qq.com/cgi-bin/department/delete?access_token=2vXDd-6WjBz3aOkdNGiB_wpeI-djxZQuOtjqyWweLrdR66ClVQ0JEUL21umWgtmwzOzWol5fRyKaUfyePjDBfuKI5nSzjEbUUhjbR7PcgU4qalOcBROQj6SJjuYQrOsJJ1sw9D-bpiifDD6Ugq7OuukhI_pyz6dRdGaR9EMuC1akHUGpiSN8nYqZIeEk8dCHErHjXi0E_BuVhwufsAxCZw&id=4
Proxy:			<none>
Request params:	<none>
Query params:	access_token=2vXDd-6WjBz3aOkdNGiB_wpeI-djxZQuOtjqyWweLrdR66ClVQ0JEUL21umWgtmwzOzWol5fRyKaUfyePjDBfuKI5nSzjEbUUhjbR7PcgU4qalOcBROQj6SJjuYQrOsJJ1sw9D-bpiifDD6Ugq7OuukhI_pyz6dRdGaR9EMuC1akHUGpiSN8nYqZIeEk8dCHErHjXi0E_BuVhwufsAxCZw
Form params:	id=4
Path params:	<none>
Headers:		Accept=*/*
				Content-Type=application/json
Cookies:		<none>
Multiparts:		<none>
Body:			<none>
2022-09-07 22:51:08,823 INFO  : 接口响应日志HTTP/1.1 200 OK
Date: Wed, 07 Sep 2022 14:51:08 GMT
Content-Type: application/json; charset=UTF-8
Content-Length: 32
Connection: keep-alive
Server: nginx
Error-Code: 0
Error-Msg: deleted

{
    "errcode": 0,
    "errmsg": "deleted"
}
2022-09-07 22:51:09,729 INFO  : 接口请求日志Request method:	GET
Request URI:	https://qyapi.weixin.qq.com/cgi-bin/department/delete?access_token=2vXDd-6WjBz3aOkdNGiB_wpeI-djxZQuOtjqyWweLrdR66ClVQ0JEUL21umWgtmwzOzWol5fRyKaUfyePjDBfuKI5nSzjEbUUhjbR7PcgU4qalOcBROQj6SJjuYQrOsJJ1sw9D-bpiifDD6Ugq7OuukhI_pyz6dRdGaR9EMuC1akHUGpiSN8nYqZIeEk8dCHErHjXi0E_BuVhwufsAxCZw&id=5
Proxy:			<none>
Request params:	<none>
Query params:	access_token=2vXDd-6WjBz3aOkdNGiB_wpeI-djxZQuOtjqyWweLrdR66ClVQ0JEUL21umWgtmwzOzWol5fRyKaUfyePjDBfuKI5nSzjEbUUhjbR7PcgU4qalOcBROQj6SJjuYQrOsJJ1sw9D-bpiifDD6Ugq7OuukhI_pyz6dRdGaR9EMuC1akHUGpiSN8nYqZIeEk8dCHErHjXi0E_BuVhwufsAxCZw
Form params:	id=5
Path params:	<none>
Headers:		Accept=*/*
				Content-Type=application/json
Cookies:		<none>
Multiparts:		<none>
Body:			<none>
2022-09-07 22:51:09,729 INFO  : 接口响应日志HTTP/1.1 200 OK
Date: Wed, 07 Sep 2022 14:51:09 GMT
Content-Type: application/json; charset=UTF-8
Content-Length: 32
Connection: keep-alive
Server: nginx
Error-Code: 0
Error-Msg: deleted

{
    "errcode": 0,
    "errmsg": "deleted"
}
2022-09-07 22:51:10,557 INFO  : 接口请求日志Request method:	GET
Request URI:	https://qyapi.weixin.qq.com/cgi-bin/department/delete?access_token=2vXDd-6WjBz3aOkdNGiB_wpeI-djxZQuOtjqyWweLrdR66ClVQ0JEUL21umWgtmwzOzWol5fRyKaUfyePjDBfuKI5nSzjEbUUhjbR7PcgU4qalOcBROQj6SJjuYQrOsJJ1sw9D-bpiifDD6Ugq7OuukhI_pyz6dRdGaR9EMuC1akHUGpiSN8nYqZIeEk8dCHErHjXi0E_BuVhwufsAxCZw&id=6
Proxy:			<none>
Request params:	<none>
Query params:	access_token=2vXDd-6WjBz3aOkdNGiB_wpeI-djxZQuOtjqyWweLrdR66ClVQ0JEUL21umWgtmwzOzWol5fRyKaUfyePjDBfuKI5nSzjEbUUhjbR7PcgU4qalOcBROQj6SJjuYQrOsJJ1sw9D-bpiifDD6Ugq7OuukhI_pyz6dRdGaR9EMuC1akHUGpiSN8nYqZIeEk8dCHErHjXi0E_BuVhwufsAxCZw
Form params:	id=6
Path params:	<none>
Headers:		Accept=*/*
				Content-Type=application/json
Cookies:		<none>
Multiparts:		<none>
Body:			<none>
2022-09-07 22:51:10,558 INFO  : 接口响应日志HTTP/1.1 200 OK
Date: Wed, 07 Sep 2022 14:51:10 GMT
Content-Type: application/json; charset=UTF-8
Content-Length: 32
Connection: keep-alive
Server: nginx
Error-Code: 0
Error-Msg: deleted

{
    "errcode": 0,
    "errmsg": "deleted"
}
2022-09-07 22:51:11,710 INFO  : 接口请求日志Request method:	GET
Request URI:	https://qyapi.weixin.qq.com/cgi-bin/department/delete?access_token=2vXDd-6WjBz3aOkdNGiB_wpeI-djxZQuOtjqyWweLrdR66ClVQ0JEUL21umWgtmwzOzWol5fRyKaUfyePjDBfuKI5nSzjEbUUhjbR7PcgU4qalOcBROQj6SJjuYQrOsJJ1sw9D-bpiifDD6Ugq7OuukhI_pyz6dRdGaR9EMuC1akHUGpiSN8nYqZIeEk8dCHErHjXi0E_BuVhwufsAxCZw&id=7
Proxy:			<none>
Request params:	<none>
Query params:	access_token=2vXDd-6WjBz3aOkdNGiB_wpeI-djxZQuOtjqyWweLrdR66ClVQ0JEUL21umWgtmwzOzWol5fRyKaUfyePjDBfuKI5nSzjEbUUhjbR7PcgU4qalOcBROQj6SJjuYQrOsJJ1sw9D-bpiifDD6Ugq7OuukhI_pyz6dRdGaR9EMuC1akHUGpiSN8nYqZIeEk8dCHErHjXi0E_BuVhwufsAxCZw
Form params:	id=7
Path params:	<none>
Headers:		Accept=*/*
				Content-Type=application/json
Cookies:		<none>
Multiparts:		<none>
Body:			<none>
2022-09-07 22:51:11,711 INFO  : 接口响应日志HTTP/1.1 200 OK
Date: Wed, 07 Sep 2022 14:51:11 GMT
Content-Type: application/json; charset=UTF-8
Content-Length: 32
Connection: keep-alive
Server: nginx
Error-Code: 0
Error-Msg: deleted

{
    "errcode": 0,
    "errmsg": "deleted"
}
2022-09-07 22:51:12,672 INFO  : 接口请求日志Request method:	GET
Request URI:	https://qyapi.weixin.qq.com/cgi-bin/department/delete?access_token=2vXDd-6WjBz3aOkdNGiB_wpeI-djxZQuOtjqyWweLrdR66ClVQ0JEUL21umWgtmwzOzWol5fRyKaUfyePjDBfuKI5nSzjEbUUhjbR7PcgU4qalOcBROQj6SJjuYQrOsJJ1sw9D-bpiifDD6Ugq7OuukhI_pyz6dRdGaR9EMuC1akHUGpiSN8nYqZIeEk8dCHErHjXi0E_BuVhwufsAxCZw&id=8
Proxy:			<none>
Request params:	<none>
Query params:	access_token=2vXDd-6WjBz3aOkdNGiB_wpeI-djxZQuOtjqyWweLrdR66ClVQ0JEUL21umWgtmwzOzWol5fRyKaUfyePjDBfuKI5nSzjEbUUhjbR7PcgU4qalOcBROQj6SJjuYQrOsJJ1sw9D-bpiifDD6Ugq7OuukhI_pyz6dRdGaR9EMuC1akHUGpiSN8nYqZIeEk8dCHErHjXi0E_BuVhwufsAxCZw
Form params:	id=8
Path params:	<none>
Headers:		Accept=*/*
				Content-Type=application/json
Cookies:		<none>
Multiparts:		<none>
Body:			<none>
2022-09-07 22:51:12,673 INFO  : 接口响应日志HTTP/1.1 200 OK
Date: Wed, 07 Sep 2022 14:51:12 GMT
Content-Type: application/json; charset=UTF-8
Content-Length: 32
Connection: keep-alive
Server: nginx
Error-Code: 0
Error-Msg: deleted

{
    "errcode": 0,
    "errmsg": "deleted"
}
2022-09-07 22:51:13,858 INFO  : 接口请求日志Request method:	GET
Request URI:	https://qyapi.weixin.qq.com/cgi-bin/department/delete?access_token=2vXDd-6WjBz3aOkdNGiB_wpeI-djxZQuOtjqyWweLrdR66ClVQ0JEUL21umWgtmwzOzWol5fRyKaUfyePjDBfuKI5nSzjEbUUhjbR7PcgU4qalOcBROQj6SJjuYQrOsJJ1sw9D-bpiifDD6Ugq7OuukhI_pyz6dRdGaR9EMuC1akHUGpiSN8nYqZIeEk8dCHErHjXi0E_BuVhwufsAxCZw&id=9
Proxy:			<none>
Request params:	<none>
Query params:	access_token=2vXDd-6WjBz3aOkdNGiB_wpeI-djxZQuOtjqyWweLrdR66ClVQ0JEUL21umWgtmwzOzWol5fRyKaUfyePjDBfuKI5nSzjEbUUhjbR7PcgU4qalOcBROQj6SJjuYQrOsJJ1sw9D-bpiifDD6Ugq7OuukhI_pyz6dRdGaR9EMuC1akHUGpiSN8nYqZIeEk8dCHErHjXi0E_BuVhwufsAxCZw
Form params:	id=9
Path params:	<none>
Headers:		Accept=*/*
				Content-Type=application/json
Cookies:		<none>
Multiparts:		<none>
Body:			<none>
2022-09-07 22:51:13,858 INFO  : 接口响应日志HTTP/1.1 200 OK
Date: Wed, 07 Sep 2022 14:51:13 GMT
Content-Type: application/json; charset=UTF-8
Content-Length: 32
Connection: keep-alive
Server: nginx
Error-Code: 0
Error-Msg: deleted

{
    "errcode": 0,
    "errmsg": "deleted"
}
2022-09-07 22:51:14,763 INFO  : 接口请求日志Request method:	GET
Request URI:	https://qyapi.weixin.qq.com/cgi-bin/department/delete?access_token=2vXDd-6WjBz3aOkdNGiB_wpeI-djxZQuOtjqyWweLrdR66ClVQ0JEUL21umWgtmwzOzWol5fRyKaUfyePjDBfuKI5nSzjEbUUhjbR7PcgU4qalOcBROQj6SJjuYQrOsJJ1sw9D-bpiifDD6Ugq7OuukhI_pyz6dRdGaR9EMuC1akHUGpiSN8nYqZIeEk8dCHErHjXi0E_BuVhwufsAxCZw&id=10
Proxy:			<none>
Request params:	<none>
Query params:	access_token=2vXDd-6WjBz3aOkdNGiB_wpeI-djxZQuOtjqyWweLrdR66ClVQ0JEUL21umWgtmwzOzWol5fRyKaUfyePjDBfuKI5nSzjEbUUhjbR7PcgU4qalOcBROQj6SJjuYQrOsJJ1sw9D-bpiifDD6Ugq7OuukhI_pyz6dRdGaR9EMuC1akHUGpiSN8nYqZIeEk8dCHErHjXi0E_BuVhwufsAxCZw
Form params:	id=10
Path params:	<none>
Headers:		Accept=*/*
				Content-Type=application/json
Cookies:		<none>
Multiparts:		<none>
Body:			<none>
2022-09-07 22:51:14,764 INFO  : 接口响应日志HTTP/1.1 200 OK
Date: Wed, 07 Sep 2022 14:51:14 GMT
Content-Type: application/json; charset=UTF-8
Content-Length: 32
Connection: keep-alive
Server: nginx
Error-Code: 0
Error-Msg: deleted

{
    "errcode": 0,
    "errmsg": "deleted"
}
2022-09-07 22:51:15,949 INFO  : 接口请求日志Request method:	GET
Request URI:	https://qyapi.weixin.qq.com/cgi-bin/department/delete?access_token=2vXDd-6WjBz3aOkdNGiB_wpeI-djxZQuOtjqyWweLrdR66ClVQ0JEUL21umWgtmwzOzWol5fRyKaUfyePjDBfuKI5nSzjEbUUhjbR7PcgU4qalOcBROQj6SJjuYQrOsJJ1sw9D-bpiifDD6Ugq7OuukhI_pyz6dRdGaR9EMuC1akHUGpiSN8nYqZIeEk8dCHErHjXi0E_BuVhwufsAxCZw&id=11
Proxy:			<none>
Request params:	<none>
Query params:	access_token=2vXDd-6WjBz3aOkdNGiB_wpeI-djxZQuOtjqyWweLrdR66ClVQ0JEUL21umWgtmwzOzWol5fRyKaUfyePjDBfuKI5nSzjEbUUhjbR7PcgU4qalOcBROQj6SJjuYQrOsJJ1sw9D-bpiifDD6Ugq7OuukhI_pyz6dRdGaR9EMuC1akHUGpiSN8nYqZIeEk8dCHErHjXi0E_BuVhwufsAxCZw
Form params:	id=11
Path params:	<none>
Headers:		Accept=*/*
				Content-Type=application/json
Cookies:		<none>
Multiparts:		<none>
Body:			<none>
2022-09-07 22:51:15,949 INFO  : 接口响应日志HTTP/1.1 200 OK
Date: Wed, 07 Sep 2022 14:51:15 GMT
Content-Type: application/json; charset=UTF-8
Content-Length: 32
Connection: keep-alive
Server: nginx
Error-Code: 0
Error-Msg: deleted

{
    "errcode": 0,
    "errmsg": "deleted"
}
2022-09-07 22:51:16,793 INFO  : 接口请求日志Request method:	GET
Request URI:	https://qyapi.weixin.qq.com/cgi-bin/department/delete?access_token=2vXDd-6WjBz3aOkdNGiB_wpeI-djxZQuOtjqyWweLrdR66ClVQ0JEUL21umWgtmwzOzWol5fRyKaUfyePjDBfuKI5nSzjEbUUhjbR7PcgU4qalOcBROQj6SJjuYQrOsJJ1sw9D-bpiifDD6Ugq7OuukhI_pyz6dRdGaR9EMuC1akHUGpiSN8nYqZIeEk8dCHErHjXi0E_BuVhwufsAxCZw&id=12
Proxy:			<none>
Request params:	<none>
Query params:	access_token=2vXDd-6WjBz3aOkdNGiB_wpeI-djxZQuOtjqyWweLrdR66ClVQ0JEUL21umWgtmwzOzWol5fRyKaUfyePjDBfuKI5nSzjEbUUhjbR7PcgU4qalOcBROQj6SJjuYQrOsJJ1sw9D-bpiifDD6Ugq7OuukhI_pyz6dRdGaR9EMuC1akHUGpiSN8nYqZIeEk8dCHErHjXi0E_BuVhwufsAxCZw
Form params:	id=12
Path params:	<none>
Headers:		Accept=*/*
				Content-Type=application/json
Cookies:		<none>
Multiparts:		<none>
Body:			<none>
2022-09-07 22:51:16,794 INFO  : 接口响应日志HTTP/1.1 200 OK
Date: Wed, 07 Sep 2022 14:51:16 GMT
Content-Type: application/json; charset=UTF-8
Content-Length: 32
Connection: keep-alive
Server: nginx
Error-Code: 0
Error-Msg: deleted

{
    "errcode": 0,
    "errmsg": "deleted"
}
2022-09-07 22:51:18,670 INFO  : 接口请求日志Request method:	GET
Request URI:	https://qyapi.weixin.qq.com/cgi-bin/department/delete?access_token=2vXDd-6WjBz3aOkdNGiB_wpeI-djxZQuOtjqyWweLrdR66ClVQ0JEUL21umWgtmwzOzWol5fRyKaUfyePjDBfuKI5nSzjEbUUhjbR7PcgU4qalOcBROQj6SJjuYQrOsJJ1sw9D-bpiifDD6Ugq7OuukhI_pyz6dRdGaR9EMuC1akHUGpiSN8nYqZIeEk8dCHErHjXi0E_BuVhwufsAxCZw&id=13
Proxy:			<none>
Request params:	<none>
Query params:	access_token=2vXDd-6WjBz3aOkdNGiB_wpeI-djxZQuOtjqyWweLrdR66ClVQ0JEUL21umWgtmwzOzWol5fRyKaUfyePjDBfuKI5nSzjEbUUhjbR7PcgU4qalOcBROQj6SJjuYQrOsJJ1sw9D-bpiifDD6Ugq7OuukhI_pyz6dRdGaR9EMuC1akHUGpiSN8nYqZIeEk8dCHErHjXi0E_BuVhwufsAxCZw
Form params:	id=13
Path params:	<none>
Headers:		Accept=*/*
				Content-Type=application/json
Cookies:		<none>
Multiparts:		<none>
Body:			<none>
2022-09-07 22:51:18,671 INFO  : 接口响应日志HTTP/1.1 200 OK
Date: Wed, 07 Sep 2022 14:51:18 GMT
Content-Type: application/json; charset=UTF-8
Content-Length: 32
Connection: keep-alive
Server: nginx
Error-Code: 0
Error-Msg: deleted

{
    "errcode": 0,
    "errmsg": "deleted"
}
2022-09-07 22:51:19,697 INFO  : 接口请求日志Request method:	GET
Request URI:	https://qyapi.weixin.qq.com/cgi-bin/department/delete?access_token=2vXDd-6WjBz3aOkdNGiB_wpeI-djxZQuOtjqyWweLrdR66ClVQ0JEUL21umWgtmwzOzWol5fRyKaUfyePjDBfuKI5nSzjEbUUhjbR7PcgU4qalOcBROQj6SJjuYQrOsJJ1sw9D-bpiifDD6Ugq7OuukhI_pyz6dRdGaR9EMuC1akHUGpiSN8nYqZIeEk8dCHErHjXi0E_BuVhwufsAxCZw&id=14
Proxy:			<none>
Request params:	<none>
Query params:	access_token=2vXDd-6WjBz3aOkdNGiB_wpeI-djxZQuOtjqyWweLrdR66ClVQ0JEUL21umWgtmwzOzWol5fRyKaUfyePjDBfuKI5nSzjEbUUhjbR7PcgU4qalOcBROQj6SJjuYQrOsJJ1sw9D-bpiifDD6Ugq7OuukhI_pyz6dRdGaR9EMuC1akHUGpiSN8nYqZIeEk8dCHErHjXi0E_BuVhwufsAxCZw
Form params:	id=14
Path params:	<none>
Headers:		Accept=*/*
				Content-Type=application/json
Cookies:		<none>
Multiparts:		<none>
Body:			<none>
2022-09-07 22:51:19,697 INFO  : 接口响应日志HTTP/1.1 200 OK
Date: Wed, 07 Sep 2022 14:51:19 GMT
Content-Type: application/json; charset=UTF-8
Content-Length: 32
Connection: keep-alive
Server: nginx
Error-Code: 0
Error-Msg: deleted

{
    "errcode": 0,
    "errmsg": "deleted"
}
2022-09-07 22:51:20,574 INFO  : 接口请求日志Request method:	GET
Request URI:	https://qyapi.weixin.qq.com/cgi-bin/department/delete?access_token=2vXDd-6WjBz3aOkdNGiB_wpeI-djxZQuOtjqyWweLrdR66ClVQ0JEUL21umWgtmwzOzWol5fRyKaUfyePjDBfuKI5nSzjEbUUhjbR7PcgU4qalOcBROQj6SJjuYQrOsJJ1sw9D-bpiifDD6Ugq7OuukhI_pyz6dRdGaR9EMuC1akHUGpiSN8nYqZIeEk8dCHErHjXi0E_BuVhwufsAxCZw&id=15
Proxy:			<none>
Request params:	<none>
Query params:	access_token=2vXDd-6WjBz3aOkdNGiB_wpeI-djxZQuOtjqyWweLrdR66ClVQ0JEUL21umWgtmwzOzWol5fRyKaUfyePjDBfuKI5nSzjEbUUhjbR7PcgU4qalOcBROQj6SJjuYQrOsJJ1sw9D-bpiifDD6Ugq7OuukhI_pyz6dRdGaR9EMuC1akHUGpiSN8nYqZIeEk8dCHErHjXi0E_BuVhwufsAxCZw
Form params:	id=15
Path params:	<none>
Headers:		Accept=*/*
				Content-Type=application/json
Cookies:		<none>
Multiparts:		<none>
Body:			<none>
2022-09-07 22:51:20,574 INFO  : 接口响应日志HTTP/1.1 200 OK
Date: Wed, 07 Sep 2022 14:51:20 GMT
Content-Type: application/json; charset=UTF-8
Content-Length: 32
Connection: keep-alive
Server: nginx
Error-Code: 0
Error-Msg: deleted

{
    "errcode": 0,
    "errmsg": "deleted"
}
2022-09-07 22:51:21,383 INFO  : 接口请求日志Request method:	GET
Request URI:	https://qyapi.weixin.qq.com/cgi-bin/department/delete?access_token=2vXDd-6WjBz3aOkdNGiB_wpeI-djxZQuOtjqyWweLrdR66ClVQ0JEUL21umWgtmwzOzWol5fRyKaUfyePjDBfuKI5nSzjEbUUhjbR7PcgU4qalOcBROQj6SJjuYQrOsJJ1sw9D-bpiifDD6Ugq7OuukhI_pyz6dRdGaR9EMuC1akHUGpiSN8nYqZIeEk8dCHErHjXi0E_BuVhwufsAxCZw&id=16
Proxy:			<none>
Request params:	<none>
Query params:	access_token=2vXDd-6WjBz3aOkdNGiB_wpeI-djxZQuOtjqyWweLrdR66ClVQ0JEUL21umWgtmwzOzWol5fRyKaUfyePjDBfuKI5nSzjEbUUhjbR7PcgU4qalOcBROQj6SJjuYQrOsJJ1sw9D-bpiifDD6Ugq7OuukhI_pyz6dRdGaR9EMuC1akHUGpiSN8nYqZIeEk8dCHErHjXi0E_BuVhwufsAxCZw
Form params:	id=16
Path params:	<none>
Headers:		Accept=*/*
				Content-Type=application/json
Cookies:		<none>
Multiparts:		<none>
Body:			<none>
2022-09-07 22:51:21,384 INFO  : 接口响应日志HTTP/1.1 200 OK
Date: Wed, 07 Sep 2022 14:51:21 GMT
Content-Type: application/json; charset=UTF-8
Content-Length: 32
Connection: keep-alive
Server: nginx
Error-Code: 0
Error-Msg: deleted

{
    "errcode": 0,
    "errmsg": "deleted"
}
2022-09-07 22:51:22,278 INFO  : 接口请求日志Request method:	GET
Request URI:	https://qyapi.weixin.qq.com/cgi-bin/department/delete?access_token=2vXDd-6WjBz3aOkdNGiB_wpeI-djxZQuOtjqyWweLrdR66ClVQ0JEUL21umWgtmwzOzWol5fRyKaUfyePjDBfuKI5nSzjEbUUhjbR7PcgU4qalOcBROQj6SJjuYQrOsJJ1sw9D-bpiifDD6Ugq7OuukhI_pyz6dRdGaR9EMuC1akHUGpiSN8nYqZIeEk8dCHErHjXi0E_BuVhwufsAxCZw&id=17
Proxy:			<none>
Request params:	<none>
Query params:	access_token=2vXDd-6WjBz3aOkdNGiB_wpeI-djxZQuOtjqyWweLrdR66ClVQ0JEUL21umWgtmwzOzWol5fRyKaUfyePjDBfuKI5nSzjEbUUhjbR7PcgU4qalOcBROQj6SJjuYQrOsJJ1sw9D-bpiifDD6Ugq7OuukhI_pyz6dRdGaR9EMuC1akHUGpiSN8nYqZIeEk8dCHErHjXi0E_BuVhwufsAxCZw
Form params:	id=17
Path params:	<none>
Headers:		Accept=*/*
				Content-Type=application/json
Cookies:		<none>
Multiparts:		<none>
Body:			<none>
2022-09-07 22:51:22,278 INFO  : 接口响应日志HTTP/1.1 200 OK
Date: Wed, 07 Sep 2022 14:51:22 GMT
Content-Type: application/json; charset=UTF-8
Content-Length: 32
Connection: keep-alive
Server: nginx
Error-Code: 0
Error-Msg: deleted

{
    "errcode": 0,
    "errmsg": "deleted"
}
2022-09-07 22:51:23,202 INFO  : 接口请求日志Request method:	GET
Request URI:	https://qyapi.weixin.qq.com/cgi-bin/department/simplelist?access_token=2vXDd-6WjBz3aOkdNGiB_wpeI-djxZQuOtjqyWweLrdR66ClVQ0JEUL21umWgtmwzOzWol5fRyKaUfyePjDBfuKI5nSzjEbUUhjbR7PcgU4qalOcBROQj6SJjuYQrOsJJ1sw9D-bpiifDD6Ugq7OuukhI_pyz6dRdGaR9EMuC1akHUGpiSN8nYqZIeEk8dCHErHjXi0E_BuVhwufsAxCZw
Proxy:			<none>
Request params:	<none>
Query params:	access_token=2vXDd-6WjBz3aOkdNGiB_wpeI-djxZQuOtjqyWweLrdR66ClVQ0JEUL21umWgtmwzOzWol5fRyKaUfyePjDBfuKI5nSzjEbUUhjbR7PcgU4qalOcBROQj6SJjuYQrOsJJ1sw9D-bpiifDD6Ugq7OuukhI_pyz6dRdGaR9EMuC1akHUGpiSN8nYqZIeEk8dCHErHjXi0E_BuVhwufsAxCZw
Form params:	<none>
Path params:	<none>
Headers:		Accept=*/*
				Content-Type=application/json
Cookies:		<none>
Multiparts:		<none>
Body:			<none>
2022-09-07 22:51:23,203 INFO  : 接口响应日志HTTP/1.1 200 OK
Date: Wed, 07 Sep 2022 14:51:23 GMT
Content-Type: application/json; charset=UTF-8
Content-Length: 124
Connection: keep-alive
Server: nginx
Error-Code: 0
Error-Msg: ok

{
    "errcode": 0,
    "errmsg": "ok",
    "department_id": [
        {
            "id": 1,
            "parentid": 0,
            "order": 100000000
        },
        {
            "id": 3,
            "parentid": 1,
            "order": 99999000
        }
    ]
}
2022-09-07 22:51:23,233 INFO  : 添加部门的测试用例
2022-09-07 22:51:23,393 DEBUG : Evaluating path: $['name']
2022-09-07 22:51:23,401 DEBUG : Set path $['name'] new value 蒋鹤轩13542089294
2022-09-07 22:51:23,401 DEBUG : Evaluating path: $['order']
2022-09-07 22:51:23,401 DEBUG : Set path $['order'] new value 0
2022-09-07 22:51:24,262 INFO  : 接口请求日志Request method:	POST
Request URI:	https://qyapi.weixin.qq.com/cgi-bin/department/create?access_token=2vXDd-6WjBz3aOkdNGiB_wpeI-djxZQuOtjqyWweLrdR66ClVQ0JEUL21umWgtmwzOzWol5fRyKaUfyePjDBfuKI5nSzjEbUUhjbR7PcgU4qalOcBROQj6SJjuYQrOsJJ1sw9D-bpiifDD6Ugq7OuukhI_pyz6dRdGaR9EMuC1akHUGpiSN8nYqZIeEk8dCHErHjXi0E_BuVhwufsAxCZw
Proxy:			<none>
Request params:	<none>
Query params:	access_token=2vXDd-6WjBz3aOkdNGiB_wpeI-djxZQuOtjqyWweLrdR66ClVQ0JEUL21umWgtmwzOzWol5fRyKaUfyePjDBfuKI5nSzjEbUUhjbR7PcgU4qalOcBROQj6SJjuYQrOsJJ1sw9D-bpiifDD6Ugq7OuukhI_pyz6dRdGaR9EMuC1akHUGpiSN8nYqZIeEk8dCHErHjXi0E_BuVhwufsAxCZw
Form params:	<none>
Path params:	<none>
Headers:		Accept=*/*
				Content-Type=application/json
Cookies:		<none>
Multiparts:		<none>
Body:
{
    "name": "蒋鹤轩13542089294",
    "parentid": 1,
    "order": 0
}
2022-09-07 22:51:24,263 INFO  : 接口响应日志HTTP/1.1 200 OK
Date: Wed, 07 Sep 2022 14:51:24 GMT
Content-Type: application/json; charset=UTF-8
Content-Length: 39
Connection: keep-alive
Server: nginx
Error-Code: 0
Error-Msg: created

{
    "errcode": 0,
    "errmsg": "created",
    "id": 4
}
2022-09-07 22:59:11,267 INFO  : 添加部门的测试用例
2022-09-07 22:59:11,547 DEBUG : Evaluating path: $['name']
2022-09-07 22:59:11,556 DEBUG : Set path $['name'] new value 卢哲瀚13418765066
2022-09-07 22:59:11,556 DEBUG : Evaluating path: $['order']
2022-09-07 22:59:11,556 DEBUG : Set path $['order'] new value 19
2022-09-07 22:59:15,769 INFO  : 接口请求日志Request method:	POST
Request URI:	https://qyapi.weixin.qq.com/cgi-bin/department/create?access_token=2vXDd-6WjBz3aOkdNGiB_wpeI-djxZQuOtjqyWweLrdR66ClVQ0JEUL21umWgtmwzOzWol5fRyKaUfyePjDBfuKI5nSzjEbUUhjbR7PcgU4qalOcBROQj6SJjuYQrOsJJ1sw9D-bpiifDD6Ugq7OuukhI_pyz6dRdGaR9EMuC1akHUGpiSN8nYqZIeEk8dCHErHjXi0E_BuVhwufsAxCZw
Proxy:			<none>
Request params:	<none>
Query params:	access_token=2vXDd-6WjBz3aOkdNGiB_wpeI-djxZQuOtjqyWweLrdR66ClVQ0JEUL21umWgtmwzOzWol5fRyKaUfyePjDBfuKI5nSzjEbUUhjbR7PcgU4qalOcBROQj6SJjuYQrOsJJ1sw9D-bpiifDD6Ugq7OuukhI_pyz6dRdGaR9EMuC1akHUGpiSN8nYqZIeEk8dCHErHjXi0E_BuVhwufsAxCZw
Form params:	<none>
Path params:	<none>
Headers:		Accept=*/*
				Content-Type=application/json
Cookies:		<none>
Multiparts:		<none>
Body:
{
    "name": "卢哲瀚13418765066",
    "parentid": 1,
    "order": 19
}
2022-09-07 22:59:15,784 INFO  : 接口响应日志HTTP/1.1 200 OK
Date: Wed, 07 Sep 2022 14:59:15 GMT
Content-Type: application/json; charset=UTF-8
Content-Length: 39
Connection: keep-alive
Server: nginx
Error-Code: 0
Error-Msg: created

{
    "errcode": 0,
    "errmsg": "created",
    "id": 5
}
2022-09-07 22:59:26,499 INFO  : 接口请求日志Request method:	GET
Request URI:	https://qyapi.weixin.qq.com/cgi-bin/department/simplelist?access_token=2vXDd-6WjBz3aOkdNGiB_wpeI-djxZQuOtjqyWweLrdR66ClVQ0JEUL21umWgtmwzOzWol5fRyKaUfyePjDBfuKI5nSzjEbUUhjbR7PcgU4qalOcBROQj6SJjuYQrOsJJ1sw9D-bpiifDD6Ugq7OuukhI_pyz6dRdGaR9EMuC1akHUGpiSN8nYqZIeEk8dCHErHjXi0E_BuVhwufsAxCZw
Proxy:			<none>
Request params:	<none>
Query params:	access_token=2vXDd-6WjBz3aOkdNGiB_wpeI-djxZQuOtjqyWweLrdR66ClVQ0JEUL21umWgtmwzOzWol5fRyKaUfyePjDBfuKI5nSzjEbUUhjbR7PcgU4qalOcBROQj6SJjuYQrOsJJ1sw9D-bpiifDD6Ugq7OuukhI_pyz6dRdGaR9EMuC1akHUGpiSN8nYqZIeEk8dCHErHjXi0E_BuVhwufsAxCZw
Form params:	<none>
Path params:	<none>
Headers:		Accept=*/*
				Content-Type=application/json
Cookies:		<none>
Multiparts:		<none>
Body:			<none>
2022-09-07 22:59:26,503 ERROR : Could not add attachment: no test is running
2022-09-07 22:59:26,523 INFO  : 接口响应日志HTTP/1.1 200 OK
Date: Wed, 07 Sep 2022 14:59:26 GMT
Content-Type: application/json; charset=UTF-8
Content-Length: 189
Connection: keep-alive
Server: nginx
Error-Code: 0
Error-Msg: ok

{
    "errcode": 0,
    "errmsg": "ok",
    "department_id": [
        {
            "id": 1,
            "parentid": 0,
            "order": 100000000
        },
        {
            "id": 3,
            "parentid": 1,
            "order": 99999000
        },
        {
            "id": 4,
            "parentid": 1,
            "order": 0
        },
        {
            "id": 5,
            "parentid": 1,
            "order": 19
        }
    ]
}
2022-09-07 22:59:26,523 ERROR : Could not add attachment: no test is running
2022-09-07 22:59:27,589 INFO  : 接口请求日志Request method:	GET
Request URI:	https://qyapi.weixin.qq.com/cgi-bin/department/delete?access_token=2vXDd-6WjBz3aOkdNGiB_wpeI-djxZQuOtjqyWweLrdR66ClVQ0JEUL21umWgtmwzOzWol5fRyKaUfyePjDBfuKI5nSzjEbUUhjbR7PcgU4qalOcBROQj6SJjuYQrOsJJ1sw9D-bpiifDD6Ugq7OuukhI_pyz6dRdGaR9EMuC1akHUGpiSN8nYqZIeEk8dCHErHjXi0E_BuVhwufsAxCZw&id=4
Proxy:			<none>
Request params:	<none>
Query params:	access_token=2vXDd-6WjBz3aOkdNGiB_wpeI-djxZQuOtjqyWweLrdR66ClVQ0JEUL21umWgtmwzOzWol5fRyKaUfyePjDBfuKI5nSzjEbUUhjbR7PcgU4qalOcBROQj6SJjuYQrOsJJ1sw9D-bpiifDD6Ugq7OuukhI_pyz6dRdGaR9EMuC1akHUGpiSN8nYqZIeEk8dCHErHjXi0E_BuVhwufsAxCZw
Form params:	id=4
Path params:	<none>
Headers:		Accept=*/*
				Content-Type=application/json
Cookies:		<none>
Multiparts:		<none>
Body:			<none>
2022-09-07 22:59:27,593 INFO  : 接口响应日志HTTP/1.1 200 OK
Date: Wed, 07 Sep 2022 14:59:27 GMT
Content-Type: application/json; charset=UTF-8
Content-Length: 32
Connection: keep-alive
Server: nginx
Error-Code: 0
Error-Msg: deleted

{
    "errcode": 0,
    "errmsg": "deleted"
}
2022-09-07 22:59:28,590 INFO  : 接口请求日志Request method:	GET
Request URI:	https://qyapi.weixin.qq.com/cgi-bin/department/delete?access_token=2vXDd-6WjBz3aOkdNGiB_wpeI-djxZQuOtjqyWweLrdR66ClVQ0JEUL21umWgtmwzOzWol5fRyKaUfyePjDBfuKI5nSzjEbUUhjbR7PcgU4qalOcBROQj6SJjuYQrOsJJ1sw9D-bpiifDD6Ugq7OuukhI_pyz6dRdGaR9EMuC1akHUGpiSN8nYqZIeEk8dCHErHjXi0E_BuVhwufsAxCZw&id=5
Proxy:			<none>
Request params:	<none>
Query params:	access_token=2vXDd-6WjBz3aOkdNGiB_wpeI-djxZQuOtjqyWweLrdR66ClVQ0JEUL21umWgtmwzOzWol5fRyKaUfyePjDBfuKI5nSzjEbUUhjbR7PcgU4qalOcBROQj6SJjuYQrOsJJ1sw9D-bpiifDD6Ugq7OuukhI_pyz6dRdGaR9EMuC1akHUGpiSN8nYqZIeEk8dCHErHjXi0E_BuVhwufsAxCZw
Form params:	id=5
Path params:	<none>
Headers:		Accept=*/*
				Content-Type=application/json
Cookies:		<none>
Multiparts:		<none>
Body:			<none>
2022-09-07 22:59:28,592 INFO  : 接口响应日志HTTP/1.1 200 OK
Date: Wed, 07 Sep 2022 14:59:28 GMT
Content-Type: application/json; charset=UTF-8
Content-Length: 32
Connection: keep-alive
Server: nginx
Error-Code: 0
Error-Msg: deleted

{
    "errcode": 0,
    "errmsg": "deleted"
}
2022-09-07 22:59:29,338 INFO  : 接口请求日志Request method:	GET
Request URI:	https://qyapi.weixin.qq.com/cgi-bin/department/simplelist?access_token=2vXDd-6WjBz3aOkdNGiB_wpeI-djxZQuOtjqyWweLrdR66ClVQ0JEUL21umWgtmwzOzWol5fRyKaUfyePjDBfuKI5nSzjEbUUhjbR7PcgU4qalOcBROQj6SJjuYQrOsJJ1sw9D-bpiifDD6Ugq7OuukhI_pyz6dRdGaR9EMuC1akHUGpiSN8nYqZIeEk8dCHErHjXi0E_BuVhwufsAxCZw
Proxy:			<none>
Request params:	<none>
Query params:	access_token=2vXDd-6WjBz3aOkdNGiB_wpeI-djxZQuOtjqyWweLrdR66ClVQ0JEUL21umWgtmwzOzWol5fRyKaUfyePjDBfuKI5nSzjEbUUhjbR7PcgU4qalOcBROQj6SJjuYQrOsJJ1sw9D-bpiifDD6Ugq7OuukhI_pyz6dRdGaR9EMuC1akHUGpiSN8nYqZIeEk8dCHErHjXi0E_BuVhwufsAxCZw
Form params:	<none>
Path params:	<none>
Headers:		Accept=*/*
				Content-Type=application/json
Cookies:		<none>
Multiparts:		<none>
Body:			<none>
2022-09-07 22:59:29,340 INFO  : 接口响应日志HTTP/1.1 200 OK
Date: Wed, 07 Sep 2022 14:59:29 GMT
Content-Type: application/json; charset=UTF-8
Content-Length: 124
Connection: keep-alive
Server: nginx
Error-Code: 0
Error-Msg: ok

{
    "errcode": 0,
    "errmsg": "ok",
    "department_id": [
        {
            "id": 1,
            "parentid": 0,
            "order": 100000000
        },
        {
            "id": 3,
            "parentid": 1,
            "order": 99999000
        }
    ]
}
2022-09-07 22:59:29,372 INFO  : 添加部门的测试用例
2022-09-07 22:59:29,541 DEBUG : Evaluating path: $['name']
2022-09-07 22:59:29,547 DEBUG : Set path $['name'] new value 魏琪13566053530
2022-09-07 22:59:29,547 DEBUG : Evaluating path: $['order']
2022-09-07 22:59:29,547 DEBUG : Set path $['order'] new value 21
2022-09-07 22:59:30,435 INFO  : 接口请求日志Request method:	POST
Request URI:	https://qyapi.weixin.qq.com/cgi-bin/department/create?access_token=2vXDd-6WjBz3aOkdNGiB_wpeI-djxZQuOtjqyWweLrdR66ClVQ0JEUL21umWgtmwzOzWol5fRyKaUfyePjDBfuKI5nSzjEbUUhjbR7PcgU4qalOcBROQj6SJjuYQrOsJJ1sw9D-bpiifDD6Ugq7OuukhI_pyz6dRdGaR9EMuC1akHUGpiSN8nYqZIeEk8dCHErHjXi0E_BuVhwufsAxCZw
Proxy:			<none>
Request params:	<none>
Query params:	access_token=2vXDd-6WjBz3aOkdNGiB_wpeI-djxZQuOtjqyWweLrdR66ClVQ0JEUL21umWgtmwzOzWol5fRyKaUfyePjDBfuKI5nSzjEbUUhjbR7PcgU4qalOcBROQj6SJjuYQrOsJJ1sw9D-bpiifDD6Ugq7OuukhI_pyz6dRdGaR9EMuC1akHUGpiSN8nYqZIeEk8dCHErHjXi0E_BuVhwufsAxCZw
Form params:	<none>
Path params:	<none>
Headers:		Accept=*/*
				Content-Type=application/json
Cookies:		<none>
Multiparts:		<none>
Body:
{
    "name": "魏琪13566053530",
    "parentid": 1,
    "order": 21
}
2022-09-07 22:59:30,436 INFO  : 接口响应日志HTTP/1.1 200 OK
Date: Wed, 07 Sep 2022 14:59:30 GMT
Content-Type: application/json; charset=UTF-8
Content-Length: 39
Connection: keep-alive
Server: nginx
Error-Code: 0
Error-Msg: created

{
    "errcode": 0,
    "errmsg": "created",
    "id": 4
}
